<?xml version="1.0" encoding="utf-8"?><testsuites name="pytest tests"><testsuite name="pytest" errors="0" failures="0" skipped="0" tests="93" time="28.048" timestamp="2026-09-05T02:48:46.903212+00:00" hostname="localhost"><testcase classname="tests.test_ai" name="test_cycle_time_model_fit_predict" time="0.005" /><testcase classname="tests.test_api" name="test_root_operator_console" time="0.009" /><testcase classname="tests.test_api" name="test_health" time="0.002" /><testcase classname="tests.test_api" name="test_simulate" time="0.004" /><testcase classname="tests.test_api" name="test_recommend" time="0.006" /><testcase classname="tests.test_api_extended" name="test_config_exposes_routes" time="0.002" /><testcase classname="tests.test_api_extended" name="test_simulation_has_risk_and_factory_physics" time="0.005" /><testcase classname="tests.test_api_extended" name="test_release_endpoint" time="0.004" /><testcase classname="tests.test_audit_ledger" name="test_hash_chain_detects_post_hoc_tampering" time="0.002" /><testcase classname="tests.test_audit_ledger" name="test_same_payload_gets_unique_ledger_entry_but_certificate_can_remain_deterministic" time="0.001" /><testcase classname="tests.test_decision" name="test_recommendation_has_evidence" time="0.007" /><testcase classname="tests.test_decision_certificate" name="test_high_risk_certificate_is_human_gated_and_tamper_evident" time="0.000" /><testcase classname="tests.test_dispatch" name="test_dispatch_rules_return_candidate" time="0.000" /><testcase classname="tests.test_dispatch" name="test_invalid_rule" time="0.000" /><testcase classname="tests.test_factory_physics" name="test_bottleneck_report_ranks_utilization" time="0.000" /><testcase classname="tests.test_factory_physics" name="test_little_law_check_fields" time="0.000" /><testcase classname="tests.test_flagship_api" name="test_v2_health" time="0.001" /><testcase classname="tests.test_flagship_api" name="test_bay_risk_api" time="0.002" /><testcase classname="tests.test_flagship_api" name="test_rare_api" time="0.003" /><testcase classname="tests.test_flagship_v2" name="test_rare_fab_feasible_and_all_assigned" time="0.002" /><testcase classname="tests.test_flagship_v2" name="test_rare_fab_invalid_alpha" time="0.000" /><testcase classname="tests.test_flagship_v2" name="test_bay_heatmap_orders_risk" time="0.000" /><testcase classname="tests.test_flagship_v2" name="test_factory_physics_monotonic_curve" time="0.000" /><testcase classname="tests.test_flagship_v2" name="test_amhs_congestion" time="0.000" /><testcase classname="tests.test_flagship_v2" name="test_equipment_and_yield_gates" time="0.000" /><testcase classname="tests.test_flagship_v2" name="test_benchmark_has_claim_boundary" time="0.013" /><testcase classname="tests.test_governance_api" name="test_audited_certificate_is_recorded_and_verifiable" time="0.006" /><testcase classname="tests.test_ingestion_state" name="test_state_reconstruction_and_completion" time="0.000" /><testcase classname="tests.test_ingestion_state" name="test_duplicate_event_is_anomaly_not_double_apply" time="0.000" /><testcase classname="tests.test_ingestion_state" name="test_tool_double_booking_detected" time="0.000" /><testcase classname="tests.test_loaders" name="test_jsonl_loader" time="0.001" /><testcase classname="tests.test_loaders" name="test_csv_loader" time="0.001" /><testcase classname="tests.test_optimization" name="test_assignment_respects_qualification" time="0.001" /><testcase classname="tests.test_persistence" name="test_sqlite_event_idempotency" time="0.002" /><testcase classname="tests.test_persistence" name="test_decision_audit_log" time="0.004" /><testcase classname="tests.test_portfolio_validation" name="test_portfolio_validation_contract" time="0.166" /><testcase classname="tests.test_predictive_suite" name="test_eta_model_beats_naive_on_structured_fixture" time="0.001" /><testcase classname="tests.test_predictive_suite" name="test_bottleneck_model_predicts_known_synthetic_pattern" time="0.001" /><testcase classname="tests.test_release_control" name="test_release_respects_capacity" time="0.001" /><testcase classname="tests.test_scenarios" name="test_scenario_is_reproducible" time="0.004" /><testcase classname="tests.test_scenarios" name="test_monte_carlo_produces_uncertainty_bounds" time="0.007" /><testcase classname="tests.test_simulation" name="test_all_lots_complete" time="0.002" /><testcase classname="tests.test_simulation" name="test_reproducible" time="0.003" /><testcase classname="tests.test_simulation" name="test_reentrant_litho_occurs_twice" time="0.001" /><testcase classname="tests.test_v3_api" name="test_v3_mission_api" time="0.006" /><testcase classname="tests.test_v3_api" name="test_v3_map_and_lot_apis" time="0.010" /><testcase classname="tests.test_v3_api" name="test_v3_demo_schedule_api" time="0.004" /><testcase classname="tests.test_v3_api" name="test_v3_stress_and_decision_apis" time="0.036" /><testcase classname="tests.test_v3_api" name="test_root_is_operator_workstation" time="0.002" /><testcase classname="tests.test_v3_product" name="test_mission_control_has_operational_depth" time="0.004" /><testcase classname="tests.test_v3_product" name="test_lot_control_contains_routing_and_risk" time="0.000" /><testcase classname="tests.test_v3_product" name="test_fab_map_reentrant_links" time="0.005" /><testcase classname="tests.test_v3_product" name="test_tool_state_has_pm_and_qualification" time="0.000" /><testcase classname="tests.test_v3_product" name="test_rolling_scheduler_respects_qualification" time="0.001" /><testcase classname="tests.test_v3_product" name="test_stress_lab_changes_twin_metrics" time="0.009" /><testcase classname="tests.test_v3_product" name="test_integrated_decision_is_human_gated" time="0.022" /><testcase classname="tests.test_v4_api" name="test_v4_platform" time="0.011" /><testcase classname="tests.test_v4_api" name="test_v4_genealogy_api" time="0.002" /><testcase classname="tests.test_v4_api" name="test_v4_operational_apis" time="0.007" /><testcase classname="tests.test_v4_product" name="test_routes_are_reentrant_and_qualified" time="0.000" /><testcase classname="tests.test_v4_product" name="test_genealogy_has_queue_clocks_and_qualifications" time="0.000" /><testcase classname="tests.test_v4_product" name="test_queue_time_watch_sorted" time="0.001" /><testcase classname="tests.test_v4_product" name="test_maintenance_calendar" time="0.000" /><testcase classname="tests.test_v4_product" name="test_yield_genealogy_mass_balance" time="0.000" /><testcase classname="tests.test_v4_product" name="test_amhs_network_has_reentry" time="0.000" /><testcase classname="tests.test_v4_product" name="test_experiment_manager" time="0.033" /><testcase classname="tests.test_v5_api" name="test_v5_platform" time="0.025" /><testcase classname="tests.test_v5_api" name="test_v5_chambers_api" time="0.002" /><testcase classname="tests.test_v5_api" name="test_v5_integrated_schedule_api" time="0.020" /><testcase classname="tests.test_v5_engine" name="test_chamber_model_expands_tools" time="0.000" /><testcase classname="tests.test_v5_engine" name="test_batch_formation_respects_capacity" time="0.000" /><testcase classname="tests.test_v5_engine" name="test_reticle_contention_serializes_requests" time="0.000" /><testcase classname="tests.test_v5_engine" name="test_integrated_schedule_hard_constraints" time="0.016" /><testcase classname="tests.test_v5_engine" name="test_stochastic_recovery_selects_action" time="0.003" /><testcase classname="tests.test_v5_engine" name="test_qualification_matrix_has_batch_and_chambers" time="0.000" /><testcase classname="tests.test_v6_api" name="test_v6_platform" time="6.268" /><testcase classname="tests.test_v6_api" name="test_v6_coupled_demo" time="0.014" /><testcase classname="tests.test_v6_api" name="test_v6_schedule_demo" time="2.569" /><testcase classname="tests.test_v6_coupled" name="test_coupled_twin_runs_and_emits_semiconductor_events" time="0.004" /><testcase classname="tests.test_v6_coupled" name="test_coupled_twin_batch_and_rework_fields" time="0.004" /><testcase classname="tests.test_v6_coupled" name="test_multi_operation_schedule_preserves_precedence" time="6.310" /><testcase classname="tests.test_v6_coupled" name="test_closed_loop_recovery_changes_future_state" time="0.030" /><testcase classname="tests.test_v6_coupled" name="test_scaling_contract" time="12.243" /><testcase classname="tests.test_v72_product" name="test_release_contract_is_coherent" time="0.000" /><testcase classname="tests.test_v72_product" name="test_lot_passport_and_decision_are_human_gated" time="0.000" /><testcase classname="tests.test_v7_api" name="test_v7_platform" time="0.012" /><testcase classname="tests.test_v7_api" name="test_v7_replay_and_genealogy" time="0.010" /><testcase classname="tests.test_v7_api" name="test_v7_process_health" time="0.005" /><testcase classname="tests.test_v7_data_fabric" name="test_mes_stream_and_validation" time="0.002" /><testcase classname="tests.test_v7_data_fabric" name="test_state_replay_reconstructs_lots_tools" time="0.002" /><testcase classname="tests.test_v7_data_fabric" name="test_wafer_genealogy_has_traceable_wafers" time="0.003" /><testcase classname="tests.test_v7_data_fabric" name="test_equipment_digital_thread" time="0.003" /><testcase classname="tests.test_v7_data_fabric" name="test_spc_algorithms" time="0.001" /></testsuite></testsuites>